mode: set
github.com/gacek85/eventdispatcher/dispatcher.go:62.52,64.29 2 1
github.com/gacek85/eventdispatcher/dispatcher.go:64.29,66.3 1 1
github.com/gacek85/eventdispatcher/dispatcher.go:71.34,74.29 3 1
github.com/gacek85/eventdispatcher/dispatcher.go:80.2,80.16 1 1
github.com/gacek85/eventdispatcher/dispatcher.go:74.29,75.17 1 1
github.com/gacek85/eventdispatcher/dispatcher.go:75.17,77.4 1 1
github.com/gacek85/eventdispatcher/dispatcher.go:84.51,88.2 3 1
github.com/gacek85/eventdispatcher/dispatcher.go:93.54,95.29 2 1
github.com/gacek85/eventdispatcher/dispatcher.go:95.29,98.3 2 1
github.com/gacek85/eventdispatcher/dispatcher.go:101.71,103.21 2 1
github.com/gacek85/eventdispatcher/dispatcher.go:110.2,110.11 1 1
github.com/gacek85/eventdispatcher/dispatcher.go:103.21,108.3 4 1
github.com/gacek85/eventdispatcher/dispatcher.go:114.53,121.30 5 1
github.com/gacek85/eventdispatcher/dispatcher.go:121.30,123.14 2 1
github.com/gacek85/eventdispatcher/dispatcher.go:123.14,125.4 1 1
github.com/gacek85/eventdispatcher/dispatcher.go:130.44,135.17 4 1
github.com/gacek85/eventdispatcher/dispatcher.go:135.17,137.3 1 1
github.com/gacek85/eventdispatcher/dispatcher.go:143.55,145.17 2 1
github.com/gacek85/eventdispatcher/dispatcher.go:149.2,149.28 1 1
github.com/gacek85/eventdispatcher/dispatcher.go:145.17,147.3 1 1
github.com/gacek85/eventdispatcher/dispatcher.go:153.51,158.2 3 1
github.com/gacek85/eventdispatcher/dispatcher.go:162.50,163.42 1 1
github.com/gacek85/eventdispatcher/dispatcher.go:167.2,167.10 1 1
github.com/gacek85/eventdispatcher/dispatcher.go:163.42,165.3 1 1
github.com/gacek85/eventdispatcher/dispatcher.go:175.52,177.24 2 1
github.com/gacek85/eventdispatcher/dispatcher.go:180.2,180.14 1 1
github.com/gacek85/eventdispatcher/dispatcher.go:186.2,186.27 1 1
github.com/gacek85/eventdispatcher/dispatcher.go:177.24,179.3 1 1
github.com/gacek85/eventdispatcher/dispatcher.go:180.14,182.3 1 1
github.com/gacek85/eventdispatcher/dispatcher.go:182.3,184.3 1 1
github.com/gacek85/eventdispatcher/dispatcher.go:189.47,191.17 2 1
github.com/gacek85/eventdispatcher/dispatcher.go:195.2,195.10 1 1
github.com/gacek85/eventdispatcher/dispatcher.go:191.17,194.3 2 1
github.com/gacek85/eventdispatcher/dispatcher.go:199.39,203.2 1 1
github.com/gacek85/eventdispatcher/event.go:30.41,32.2 1 1
github.com/gacek85/eventdispatcher/event.go:36.55,38.2 1 1
github.com/gacek85/eventdispatcher/event.go:42.45,44.2 1 1
github.com/gacek85/eventdispatcher/event.go:48.74,51.2 2 1
github.com/gacek85/eventdispatcher/event.go:55.62,56.23 1 1
github.com/gacek85/eventdispatcher/event.go:59.2,59.14 1 1
github.com/gacek85/eventdispatcher/event.go:56.23,58.3 1 1
github.com/gacek85/eventdispatcher/event.go:63.51,66.2 2 1
github.com/gacek85/eventdispatcher/event.go:71.75,73.17 2 1
github.com/gacek85/eventdispatcher/event.go:76.2,76.14 1 1
github.com/gacek85/eventdispatcher/event.go:73.17,75.3 1 1
github.com/gacek85/eventdispatcher/event.go:80.44,84.2 3 1
